  Determining projects to restore...
  All projects are up-to-date for restore.
  Darwinbots.Desktop.Core -> /workspace/Darwinbots-Modern/modern/desktop/src/Darwinbots.Desktop.Core/bin/Debug/net10.0/Darwinbots.Desktop.Core.dll
  Darwinbots.Desktop -> /workspace/Darwinbots-Modern/modern/desktop/src/Darwinbots.Desktop/bin/Debug/net10.0/Darwinbots.Desktop.dll
     Compiling proc-macro2 v1.0.106
     Compiling quote v1.0.46
     Compiling unicode-ident v1.0.24
     Compiling cfg-if v1.0.4
     Compiling cfg_aliases v0.2.1
     Compiling libm v0.2.16
     Compiling autocfg v1.5.1
     Compiling num-traits v0.2.19
     Compiling syn v2.0.118
     Compiling bitflags v2.13.0
     Compiling libloading v0.8.9
     Compiling libc v0.2.186
     Compiling log v0.4.33
     Compiling thiserror v2.0.18
     Compiling zerocopy v0.8.54
     Compiling equivalent v1.0.2
     Compiling zerocopy-derive v0.8.54
     Compiling thiserror-impl v2.0.18
     Compiling foldhash v0.2.0
     Compiling allocator-api2 v0.2.21
     Compiling hashbrown v0.16.1
     Compiling bytemuck_derive v1.11.0
     Compiling naga v29.0.4
     Compiling once_cell v1.21.4
     Compiling pkg-config v0.3.33
     Compiling ash v0.38.0+1.3.281
     Compiling unicode-width v0.2.2
     Compiling bit-vec v0.9.1
     Compiling hashbrown v0.17.1
     Compiling parking_lot_core v0.9.12
     Compiling bit-set v0.9.1
     Compiling codespan-reporting v0.13.1
     Compiling indexmap v2.14.0
     Compiling wayland-sys v0.31.11
     Compiling half v2.7.1
     Compiling bytemuck v1.25.1
     Compiling spirv v0.4.0+sdk-1.4.341.0
     Compiling hexf-parse v0.2.1
     Compiling arrayvec v0.7.8
     Compiling smallvec v1.15.2
     Compiling raw-window-handle v0.6.2
     Compiling crossbeam-utils v0.8.22
     Compiling rustc-hash v1.1.0
     Compiling scopeguard v1.2.0
     Compiling khronos-egl v6.0.0
     Compiling foldhash v0.1.5
     Compiling lock_api v0.4.14
     Compiling hashbrown v0.15.5
     Compiling wgpu-types v29.0.4
     Compiling dlib v0.5.3
     Compiling gpu-descriptor-types v0.2.0
     Compiling wgpu-hal v29.0.4
     Compiling crossbeam-epoch v0.9.20
     Compiling presser v0.3.1
     Compiling gpu-allocator v0.28.0
     Compiling gpu-descriptor v0.3.2
     Compiling wgpu-naga-bridge v29.0.4
     Compiling parking_lot v0.12.5
     Compiling ordered-float v5.3.0
     Compiling serde_core v1.0.228
     Compiling glow v0.17.0
     Compiling profiling v1.0.18
     Compiling renderdoc-sys v1.1.0
     Compiling crossbeam-deque v0.8.7
     Compiling wgpu-core v29.0.4
     Compiling rayon-core v1.13.0
     Compiling zmij v1.0.21
     Compiling litrs v1.0.0
     Compiling document-features v0.2.12
     Compiling wgpu-core-deps-windows-linux-android v29.0.4
     Compiling wgpu v29.0.4
     Compiling serde_json v1.0.150
     Compiling serde v1.0.228
     Compiling serde_derive v1.0.228
     Compiling either v1.16.0
     Compiling static_assertions v1.1.0
     Compiling memchr v2.8.3
     Compiling itoa v1.0.18
     Compiling rayon v1.12.0
     Compiling pollster v0.4.0
     Compiling darwinbots-engine v0.1.0 (/workspace/Darwinbots-Modern/modern/engine)
      Finished `dev` profile [unoptimized + debuginfo] target(s) in 1m 42s

Build succeeded.
    0 Warning(s)
    0 Error(s)

Time Elapsed 00:01:45.25
